<?xml version="1.0" encoding="UTF-8"?>
<coverage generated="1606923143294" clover="3.2.0">
  <project timestamp="1606923143294" name="All files">
    <metrics statements="89" coveredstatements="86" conditionals="72" coveredconditionals="65" methods="6" coveredmethods="6" elements="167" coveredelements="157" complexity="0" loc="89" ncloc="89" packages="1" files="2" classes="2"/>
    <file name="index.ts" path="/Users/federico/projects/enhancers/candy/math-lexer-evaluator/src/index.ts">
      <metrics statements="81" coveredstatements="78" conditionals="72" coveredconditionals="65" methods="6" coveredmethods="6"/>
      <line num="1" count="2" type="stmt"/>
      <line num="22" count="2" type="stmt"/>
      <line num="50" count="7" type="stmt"/>
      <line num="54" count="87" type="cond" truecount="2" falsecount="0"/>
      <line num="55" count="81" type="stmt"/>
      <line num="58" count="6" type="stmt"/>
      <line num="62" count="43" type="stmt"/>
      <line num="66" count="28" type="stmt"/>
      <line num="69" count="2" type="stmt"/>
      <line num="73" count="7" type="stmt"/>
      <line num="75" count="7" type="stmt"/>
      <line num="77" count="7" type="stmt"/>
      <line num="78" count="7" type="stmt"/>
      <line num="79" count="7" type="stmt"/>
      <line num="80" count="7" type="stmt"/>
      <line num="82" count="7" type="cond" truecount="4" falsecount="0"/>
      <line num="83" count="3" type="stmt"/>
      <line num="84" count="6" type="stmt"/>
      <line num="85" count="6" type="stmt"/>
      <line num="87" count="6" type="cond" truecount="1" falsecount="1"/>
      <line num="88" count="0" type="stmt"/>
      <line num="91" count="6" type="stmt"/>
      <line num="95" count="7" type="stmt"/>
      <line num="96" count="62" type="stmt"/>
      <line num="100" count="62" type="cond" truecount="2" falsecount="0"/>
      <line num="111" count="3" type="stmt"/>
      <line num="112" count="3" type="stmt"/>
      <line num="113" count="3" type="stmt"/>
      <line num="117" count="59" type="cond" truecount="4" falsecount="0"/>
      <line num="118" count="28" type="stmt"/>
      <line num="120" count="28" type="stmt"/>
      <line num="122" count="28" type="cond" truecount="4" falsecount="0"/>
      <line num="123" count="26" type="stmt"/>
      <line num="124" count="26" type="stmt"/>
      <line num="129" count="59" type="cond" truecount="2" falsecount="0"/>
      <line num="135" count="19" type="stmt"/>
      <line num="148" count="6" type="stmt"/>
      <line num="150" count="6" type="cond" truecount="1" falsecount="1"/>
      <line num="151" count="6" type="stmt"/>
      <line num="155" count="19" type="stmt"/>
      <line num="159" count="59" type="cond" truecount="2" falsecount="0"/>
      <line num="161" count="6" type="stmt"/>
      <line num="165" count="59" type="cond" truecount="2" falsecount="0"/>
      <line num="166" count="6" type="stmt"/>
      <line num="167" count="11" type="stmt"/>
      <line num="170" count="11" type="cond" truecount="4" falsecount="0"/>
      <line num="171" count="1" type="stmt"/>
      <line num="174" count="10" type="cond" truecount="2" falsecount="0"/>
      <line num="175" count="5" type="stmt"/>
      <line num="178" count="5" type="cond" truecount="1" falsecount="1"/>
      <line num="179" count="5" type="stmt"/>
      <line num="184" count="58" type="stmt"/>
      <line num="188" count="6" type="stmt"/>
      <line num="189" count="8" type="stmt"/>
      <line num="192" count="8" type="cond" truecount="4" falsecount="0"/>
      <line num="193" count="1" type="stmt"/>
      <line num="197" count="7" type="cond" truecount="1" falsecount="1"/>
      <line num="198" count="7" type="stmt"/>
      <line num="202" count="5" type="cond" truecount="3" falsecount="1"/>
      <line num="203" count="5" type="stmt"/>
      <line num="205" count="0" type="stmt"/>
      <line num="209" count="2" type="stmt"/>
      <line num="210" count="5" type="stmt"/>
      <line num="212" count="5" type="stmt"/>
      <line num="214" count="37" type="cond" truecount="4" falsecount="0"/>
      <line num="216" count="21" type="stmt"/>
      <line num="218" count="16" type="stmt"/>
      <line num="219" count="16" type="stmt"/>
      <line num="221" count="16" type="cond" truecount="3" falsecount="1"/>
      <line num="222" count="16" type="stmt"/>
      <line num="224" count="6" type="stmt"/>
      <line num="225" count="6" type="stmt"/>
      <line num="227" count="4" type="stmt"/>
      <line num="228" count="4" type="stmt"/>
      <line num="230" count="5" type="stmt"/>
      <line num="231" count="5" type="stmt"/>
      <line num="233" count="1" type="stmt"/>
      <line num="234" count="1" type="stmt"/>
      <line num="240" count="5" type="cond" truecount="3" falsecount="1"/>
      <line num="241" count="0" type="stmt"/>
      <line num="243" count="5" type="stmt"/>
    </file>
    <file name="operators.ts" path="/Users/federico/projects/enhancers/candy/math-lexer-evaluator/src/operators.ts">
      <metrics statements="8" coveredstatements="8" conditionals="0" coveredconditionals="0" methods="0" coveredmethods="0"/>
      <line num="1" count="3" type="stmt"/>
      <line num="2" count="3" type="stmt"/>
      <line num="3" count="3" type="stmt"/>
      <line num="4" count="3" type="stmt"/>
      <line num="5" count="3" type="stmt"/>
      <line num="6" count="3" type="stmt"/>
      <line num="16" count="3" type="stmt"/>
      <line num="17" count="3" type="stmt"/>
    </file>
  </project>
</coverage>
