<?xml version="1.0" encoding="UTF-8"?>
<coverage generated="1606846594573" clover="3.2.0">
  <project timestamp="1606846594573" name="All files">
    <metrics statements="83" coveredstatements="81" conditionals="57" coveredconditionals="55" methods="6" coveredmethods="6" elements="146" coveredelements="142" complexity="0" loc="83" ncloc="83" packages="1" files="2" classes="2"/>
    <file name="index.ts" path="/Users/federico/projects/enhancers/candy/time-calculator/src/index.ts">
      <metrics statements="75" coveredstatements="73" conditionals="57" coveredconditionals="55" methods="6" coveredmethods="6"/>
      <line num="3" count="2" type="stmt"/>
      <line num="22" count="2" type="stmt"/>
      <line num="50" count="6" type="stmt"/>
      <line num="54" count="71" type="stmt"/>
      <line num="58" count="30" type="stmt"/>
      <line num="62" count="23" type="stmt"/>
      <line num="65" count="2" type="stmt"/>
      <line num="66" count="6" type="stmt"/>
      <line num="68" count="6" type="stmt"/>
      <line num="70" count="6" type="stmt"/>
      <line num="71" count="6" type="stmt"/>
      <line num="72" count="6" type="stmt"/>
      <line num="73" count="6" type="stmt"/>
      <line num="75" count="6" type="cond" truecount="4" falsecount="0"/>
      <line num="76" count="2" type="stmt"/>
      <line num="77" count="2" type="stmt"/>
      <line num="78" count="2" type="stmt"/>
      <line num="80" count="2" type="cond" truecount="3" falsecount="1"/>
      <line num="81" count="0" type="stmt"/>
      <line num="84" count="2" type="stmt"/>
      <line num="88" count="6" type="stmt"/>
      <line num="89" count="49" type="stmt"/>
      <line num="90" count="49" type="stmt"/>
      <line num="94" count="49" type="cond" truecount="2" falsecount="0"/>
      <line num="105" count="3" type="stmt"/>
      <line num="106" count="3" type="stmt"/>
      <line num="107" count="3" type="stmt"/>
      <line num="111" count="46" type="cond" truecount="4" falsecount="0"/>
      <line num="112" count="23" type="stmt"/>
      <line num="114" count="23" type="stmt"/>
      <line num="116" count="23" type="cond" truecount="4" falsecount="0"/>
      <line num="117" count="21" type="stmt"/>
      <line num="118" count="21" type="stmt"/>
      <line num="119" count="21" type="stmt"/>
      <line num="124" count="46" type="cond" truecount="2" falsecount="0"/>
      <line num="129" count="15" type="stmt"/>
      <line num="142" count="5" type="stmt"/>
      <line num="145" count="15" type="stmt"/>
      <line num="149" count="46" type="cond" truecount="2" falsecount="0"/>
      <line num="151" count="4" type="stmt"/>
      <line num="155" count="46" type="cond" truecount="2" falsecount="0"/>
      <line num="156" count="4" type="stmt"/>
      <line num="157" count="7" type="stmt"/>
      <line num="160" count="7" type="cond" truecount="4" falsecount="0"/>
      <line num="161" count="1" type="stmt"/>
      <line num="164" count="6" type="cond" truecount="2" falsecount="0"/>
      <line num="165" count="3" type="stmt"/>
      <line num="168" count="3" type="stmt"/>
      <line num="172" count="45" type="stmt"/>
      <line num="176" count="5" type="stmt"/>
      <line num="177" count="7" type="stmt"/>
      <line num="180" count="7" type="cond" truecount="4" falsecount="0"/>
      <line num="181" count="1" type="stmt"/>
      <line num="185" count="6" type="stmt"/>
      <line num="188" count="4" type="stmt"/>
      <line num="191" count="2" type="stmt"/>
      <line num="192" count="4" type="stmt"/>
      <line num="194" count="4" type="stmt"/>
      <line num="195" count="28" type="cond" truecount="4" falsecount="0"/>
      <line num="196" count="16" type="stmt"/>
      <line num="198" count="12" type="stmt"/>
      <line num="199" count="12" type="stmt"/>
      <line num="201" count="12" type="stmt"/>
      <line num="203" count="4" type="stmt"/>
      <line num="204" count="4" type="stmt"/>
      <line num="206" count="3" type="stmt"/>
      <line num="207" count="3" type="stmt"/>
      <line num="209" count="4" type="stmt"/>
      <line num="210" count="4" type="stmt"/>
      <line num="212" count="1" type="stmt"/>
      <line num="213" count="1" type="stmt"/>
      <line num="218" count="4" type="stmt"/>
      <line num="219" count="4" type="cond" truecount="3" falsecount="1"/>
      <line num="220" count="0" type="stmt"/>
      <line num="222" count="4" type="stmt"/>
    </file>
    <file name="operators.ts" path="/Users/federico/projects/enhancers/candy/time-calculator/src/operators.ts">
      <metrics statements="8" coveredstatements="8" conditionals="0" coveredconditionals="0" methods="0" coveredmethods="0"/>
      <line num="1" count="3" type="stmt"/>
      <line num="2" count="3" type="stmt"/>
      <line num="3" count="3" type="stmt"/>
      <line num="4" count="3" type="stmt"/>
      <line num="5" count="3" type="stmt"/>
      <line num="6" count="3" type="stmt"/>
      <line num="16" count="3" type="stmt"/>
      <line num="17" count="3" type="stmt"/>
    </file>
  </project>
</coverage>
