{"/Users/federico/projects/enhancers/candy/time-calculator/src/index.ts": {"path":"/Users/federico/projects/enhancers/candy/time-calculator/src/index.ts","statementMap":{"0":{"start":{"line":3,"column":0},"end":{"line":3,"column":null}},"1":{"start":{"line":22,"column":21},"end":{"line":47,"column":2}},"2":{"start":{"line":50,"column":2},"end":{"line":50,"column":34}},"3":{"start":{"line":54,"column":2},"end":{"line":54,"column":50}},"4":{"start":{"line":58,"column":2},"end":{"line":58,"column":29}},"5":{"start":{"line":62,"column":2},"end":{"line":62,"column":26}},"6":{"start":{"line":66,"column":2},"end":{"line":66,"column":30}},"7":{"start":{"line":68,"column":20},"end":{"line":68,"column":71}},"8":{"start":{"line":70,"column":30},"end":{"line":70,"column":32}},"9":{"start":{"line":71,"column":15},"end":{"line":71,"column":17}},"10":{"start":{"line":72,"column":21},"end":{"line":72,"column":23}},"11":{"start":{"line":73,"column":14},"end":{"line":73,"column":15}},"12":{"start":{"line":75,"column":2},"end":{"line":86,"column":null}},"13":{"start":{"line":76,"column":4},"end":{"line":85,"column":null}},"14":{"start":{"line":76,"column":17},"end":{"line":76,"column":18}},"15":{"start":{"line":77,"column":23},"end":{"line":77,"column":35}},"16":{"start":{"line":78,"column":21},"end":{"line":78,"column":33}},"17":{"start":{"line":80,"column":6},"end":{"line":82,"column":null}},"18":{"start":{"line":81,"column":8},"end":{"line":81,"column":45}},"19":{"start":{"line":84,"column":6},"end":{"line":84,"column":46}},"20":{"start":{"line":88,"column":2},"end":{"line":178,"column":null}},"21":{"start":{"line":89,"column":18},"end":{"line":89,"column":30}},"22":{"start":{"line":90,"column":4},"end":{"line":90,"column":34}},"23":{"start":{"line":94,"column":4},"end":{"line":108,"column":null}},"24":{"start":{"line":105,"column":6},"end":{"line":105,"column":29}},"25":{"start":{"line":106,"column":6},"end":{"line":106,"column":17}},"26":{"start":{"line":107,"column":6},"end":{"line":107,"column":15}},"27":{"start":{"line":111,"column":4},"end":{"line":126,"column":null}},"28":{"start":{"line":112,"column":6},"end":{"line":117,"column":null}},"29":{"start":{"line":116,"column":8},"end":{"line":116,"column":33}},"30":{"start":{"line":119,"column":21},"end":{"line":119,"column":39}},"31":{"start":{"line":121,"column":6},"end":{"line":125,"column":null}},"32":{"start":{"line":122,"column":8},"end":{"line":122,"column":60}},"33":{"start":{"line":123,"column":8},"end":{"line":123,"column":67}},"34":{"start":{"line":124,"column":8},"end":{"line":124,"column":26}},"35":{"start":{"line":129,"column":4},"end":{"line":151,"column":null}},"36":{"start":{"line":134,"column":6},"end":{"line":148,"column":null}},"37":{"start":{"line":147,"column":8},"end":{"line":147,"column":37}},"38":{"start":{"line":150,"column":6},"end":{"line":150,"column":28}},"39":{"start":{"line":154,"column":4},"end":{"line":157,"column":null}},"40":{"start":{"line":156,"column":6},"end":{"line":156,"column":28}},"41":{"start":{"line":160,"column":4},"end":{"line":175,"column":null}},"42":{"start":{"line":161,"column":6},"end":{"line":174,"column":null}},"43":{"start":{"line":162,"column":25},"end":{"line":162,"column":40}},"44":{"start":{"line":165,"column":8},"end":{"line":167,"column":null}},"45":{"start":{"line":166,"column":10},"end":{"line":166,"column":52}},"46":{"start":{"line":169,"column":8},"end":{"line":171,"column":null}},"47":{"start":{"line":170,"column":10},"end":{"line":170,"column":16}},"48":{"start":{"line":173,"column":8},"end":{"line":173,"column":30}},"49":{"start":{"line":177,"column":4},"end":{"line":177,"column":15}},"50":{"start":{"line":181,"column":2},"end":{"line":191,"column":null}},"51":{"start":{"line":182,"column":21},"end":{"line":182,"column":36}},"52":{"start":{"line":185,"column":4},"end":{"line":187,"column":null}},"53":{"start":{"line":186,"column":6},"end":{"line":186,"column":48}},"54":{"start":{"line":190,"column":4},"end":{"line":190,"column":26}},"55":{"start":{"line":193,"column":2},"end":{"line":193,"column":16}},"56":{"start":{"line":65,"column":0},"end":{"line":65,"column":16}},"57":{"start":{"line":197,"column":14},"end":{"line":197,"column":16}},"58":{"start":{"line":199,"column":2},"end":{"line":221,"column":null}},"59":{"start":{"line":199,"column":15},"end":{"line":199,"column":16}},"60":{"start":{"line":200,"column":4},"end":{"line":220,"column":null}},"61":{"start":{"line":201,"column":6},"end":{"line":201,"column":28}},"62":{"start":{"line":203,"column":14},"end":{"line":203,"column":25}},"63":{"start":{"line":204,"column":14},"end":{"line":204,"column":25}},"64":{"start":{"line":206,"column":6},"end":{"line":219,"column":null}},"65":{"start":{"line":208,"column":10},"end":{"line":208,"column":48}},"66":{"start":{"line":209,"column":10},"end":{"line":209,"column":16}},"67":{"start":{"line":211,"column":10},"end":{"line":211,"column":48}},"68":{"start":{"line":212,"column":10},"end":{"line":212,"column":16}},"69":{"start":{"line":214,"column":10},"end":{"line":214,"column":48}},"70":{"start":{"line":215,"column":10},"end":{"line":215,"column":16}},"71":{"start":{"line":217,"column":10},"end":{"line":217,"column":48}},"72":{"start":{"line":218,"column":10},"end":{"line":218,"column":16}},"73":{"start":{"line":223,"column":2},"end":{"line":223,"column":30}},"74":{"start":{"line":224,"column":2},"end":{"line":228,"column":null}},"75":{"start":{"line":225,"column":4},"end":{"line":225,"column":38}},"76":{"start":{"line":227,"column":4},"end":{"line":227,"column":20}},"77":{"start":{"line":196,"column":0},"end":{"line":196,"column":16}}},"fnMap":{"0":{"name":"removeSpaces","decl":{"start":{"line":49,"column":9},"end":{"line":49,"column":21}},"loc":{"start":{"line":49,"column":35},"end":{"line":51,"column":1}}},"1":{"name":"isNumber","decl":{"start":{"line":53,"column":9},"end":{"line":53,"column":17}},"loc":{"start":{"line":53,"column":31},"end":{"line":55,"column":1}}},"2":{"name":"isNaN","decl":{"start":{"line":57,"column":9},"end":{"line":57,"column":14}},"loc":{"start":{"line":57,"column":28},"end":{"line":59,"column":1}}},"3":{"name":"peek","decl":{"start":{"line":61,"column":9},"end":{"line":61,"column":13}},"loc":{"start":{"line":61,"column":49},"end":{"line":63,"column":1}}},"4":{"name":"lex","decl":{"start":{"line":65,"column":16},"end":{"line":65,"column":19}},"loc":{"start":{"line":65,"column":64},"end":{"line":194,"column":1}}},"5":{"name":"reversePolish","decl":{"start":{"line":196,"column":16},"end":{"line":196,"column":29}},"loc":{"start":{"line":196,"column":59},"end":{"line":229,"column":1}}}},"branchMap":{"0":{"loc":{"start":{"line":75,"column":2},"end":{"line":86,"column":null}},"type":"if","locations":[{"start":{"line":75,"column":2},"end":{"line":86,"column":null}},{"start":{"line":75,"column":2},"end":{"line":86,"column":null}}]},"1":{"loc":{"start":{"line":75,"column":6},"end":{"line":75,"column":15}},"type":"binary-expr","locations":[{"start":{"line":75,"column":6},"end":{"line":75,"column":15}},{"start":{"line":75,"column":19},"end":{"line":75,"column":35}}]},"2":{"loc":{"start":{"line":80,"column":6},"end":{"line":82,"column":null}},"type":"if","locations":[{"start":{"line":80,"column":6},"end":{"line":82,"column":null}},{"start":{"line":80,"column":6},"end":{"line":82,"column":null}}]},"3":{"loc":{"start":{"line":80,"column":10},"end":{"line":80,"column":27}},"type":"binary-expr","locations":[{"start":{"line":80,"column":10},"end":{"line":80,"column":27}},{"start":{"line":80,"column":31},"end":{"line":80,"column":44}}]},"4":{"loc":{"start":{"line":94,"column":4},"end":{"line":108,"column":null}},"type":"if","locations":[{"start":{"line":94,"column":4},"end":{"line":108,"column":null}},{"start":{"line":94,"column":4},"end":{"line":108,"column":null}}]},"5":{"loc":{"start":{"line":95,"column":6},"end":{"line":95,"column":27}},"type":"binary-expr","locations":[{"start":{"line":95,"column":6},"end":{"line":95,"column":27}},{"start":{"line":96,"column":7},"end":{"line":96,"column":18}},{"start":{"line":97,"column":8},"end":{"line":103,"column":36}}]},"6":{"loc":{"start":{"line":111,"column":4},"end":{"line":126,"column":null}},"type":"if","locations":[{"start":{"line":111,"column":4},"end":{"line":126,"column":null}},{"start":{"line":111,"column":4},"end":{"line":126,"column":null}}]},"7":{"loc":{"start":{"line":111,"column":8},"end":{"line":111,"column":23}},"type":"binary-expr","locations":[{"start":{"line":111,"column":8},"end":{"line":111,"column":23}},{"start":{"line":111,"column":27},"end":{"line":111,"column":40}}]},"8":{"loc":{"start":{"line":112,"column":6},"end":{"line":117,"column":null}},"type":"if","locations":[{"start":{"line":112,"column":6},"end":{"line":117,"column":null}},{"start":{"line":112,"column":6},"end":{"line":117,"column":null}}]},"9":{"loc":{"start":{"line":113,"column":8},"end":{"line":113,"column":33}},"type":"binary-expr","locations":[{"start":{"line":113,"column":8},"end":{"line":113,"column":33}},{"start":{"line":114,"column":9},"end":{"line":114,"column":34}},{"start":{"line":114,"column":38},"end":{"line":114,"column":69}}]},"10":{"loc":{"start":{"line":121,"column":6},"end":{"line":125,"column":null}},"type":"if","locations":[{"start":{"line":121,"column":6},"end":{"line":125,"column":null}},{"start":{"line":121,"column":6},"end":{"line":125,"column":null}}]},"11":{"loc":{"start":{"line":121,"column":10},"end":{"line":121,"column":27}},"type":"binary-expr","locations":[{"start":{"line":121,"column":10},"end":{"line":121,"column":27}},{"start":{"line":121,"column":31},"end":{"line":121,"column":45}}]},"12":{"loc":{"start":{"line":129,"column":4},"end":{"line":151,"column":null}},"type":"if","locations":[{"start":{"line":129,"column":4},"end":{"line":151,"column":null}},{"start":{"line":129,"column":4},"end":{"line":151,"column":null}}]},"13":{"loc":{"start":{"line":130,"column":6},"end":{"line":130,"column":40}},"type":"binary-expr","locations":[{"start":{"line":130,"column":6},"end":{"line":130,"column":40}},{"start":{"line":131,"column":6},"end":{"line":131,"column":28}},{"start":{"line":132,"column":6},"end":{"line":132,"column":29}}]},"14":{"loc":{"start":{"line":136,"column":8},"end":{"line":136,"column":24}},"type":"binary-expr","locations":[{"start":{"line":136,"column":8},"end":{"line":136,"column":24}},{"start":{"line":138,"column":9},"end":{"line":139,"column":33}},{"start":{"line":141,"column":11},"end":{"line":142,"column":35}},{"start":{"line":143,"column":12},"end":{"line":143,"column":49}},{"start":{"line":145,"column":8},"end":{"line":145,"column":56}}]},"15":{"loc":{"start":{"line":154,"column":4},"end":{"line":157,"column":null}},"type":"if","locations":[{"start":{"line":154,"column":4},"end":{"line":157,"column":null}},{"start":{"line":154,"column":4},"end":{"line":157,"column":null}}]},"16":{"loc":{"start":{"line":160,"column":4},"end":{"line":175,"column":null}},"type":"if","locations":[{"start":{"line":160,"column":4},"end":{"line":175,"column":null}},{"start":{"line":160,"column":4},"end":{"line":175,"column":null}}]},"17":{"loc":{"start":{"line":165,"column":8},"end":{"line":167,"column":null}},"type":"if","locations":[{"start":{"line":165,"column":8},"end":{"line":167,"column":null}},{"start":{"line":165,"column":8},"end":{"line":167,"column":null}}]},"18":{"loc":{"start":{"line":165,"column":12},"end":{"line":165,"column":34}},"type":"binary-expr","locations":[{"start":{"line":165,"column":12},"end":{"line":165,"column":34}},{"start":{"line":165,"column":38},"end":{"line":165,"column":63}}]},"19":{"loc":{"start":{"line":169,"column":8},"end":{"line":171,"column":null}},"type":"if","locations":[{"start":{"line":169,"column":8},"end":{"line":171,"column":null}},{"start":{"line":169,"column":8},"end":{"line":171,"column":null}}]},"20":{"loc":{"start":{"line":185,"column":4},"end":{"line":187,"column":null}},"type":"if","locations":[{"start":{"line":185,"column":4},"end":{"line":187,"column":null}},{"start":{"line":185,"column":4},"end":{"line":187,"column":null}}]},"21":{"loc":{"start":{"line":185,"column":8},"end":{"line":185,"column":18}},"type":"binary-expr","locations":[{"start":{"line":185,"column":8},"end":{"line":185,"column":18}},{"start":{"line":185,"column":22},"end":{"line":185,"column":70}}]},"22":{"loc":{"start":{"line":200,"column":4},"end":{"line":220,"column":null}},"type":"if","locations":[{"start":{"line":200,"column":4},"end":{"line":220,"column":null}},{"start":{"line":200,"column":4},"end":{"line":220,"column":null}}]},"23":{"loc":{"start":{"line":200,"column":8},"end":{"line":200,"column":25}},"type":"binary-expr","locations":[{"start":{"line":200,"column":8},"end":{"line":200,"column":25}},{"start":{"line":200,"column":29},"end":{"line":200,"column":48}}]},"24":{"loc":{"start":{"line":207,"column":8},"end":{"line":209,"column":16}},"type":"switch","locations":[{"start":{"line":207,"column":8},"end":{"line":209,"column":16}},{"start":{"line":210,"column":8},"end":{"line":212,"column":16}},{"start":{"line":213,"column":8},"end":{"line":215,"column":16}},{"start":{"line":216,"column":8},"end":{"line":218,"column":16}}]},"25":{"loc":{"start":{"line":224,"column":2},"end":{"line":228,"column":null}},"type":"if","locations":[{"start":{"line":224,"column":2},"end":{"line":228,"column":null}},{"start":{"line":224,"column":2},"end":{"line":228,"column":null}}]},"26":{"loc":{"start":{"line":224,"column":6},"end":{"line":224,"column":22}},"type":"binary-expr","locations":[{"start":{"line":224,"column":6},"end":{"line":224,"column":22}},{"start":{"line":224,"column":26},"end":{"line":224,"column":54}}]}},"s":{"0":2,"1":2,"2":6,"3":71,"4":32,"5":23,"6":6,"7":6,"8":6,"9":6,"10":6,"11":6,"12":6,"13":2,"14":2,"15":2,"16":2,"17":2,"18":0,"19":2,"20":6,"21":49,"22":49,"23":49,"24":3,"25":3,"26":3,"27":46,"28":23,"29":23,"30":23,"31":23,"32":23,"33":23,"34":23,"35":46,"36":15,"37":5,"38":15,"39":46,"40":4,"41":46,"42":4,"43":7,"44":7,"45":1,"46":6,"47":3,"48":3,"49":45,"50":5,"51":7,"52":7,"53":1,"54":6,"55":4,"56":2,"57":4,"58":4,"59":4,"60":30,"61":17,"62":13,"63":13,"64":13,"65":4,"66":4,"67":3,"68":3,"69":4,"70":4,"71":1,"72":1,"73":4,"74":4,"75":0,"76":4,"77":2},"f":{"0":6,"1":71,"2":32,"3":23,"4":6,"5":4},"b":{"0":[2,4],"1":[6,2],"2":[0,2],"3":[2,2],"4":[3,46],"5":[49,6,4],"6":[23,23],"7":[46,24],"8":[23,0],"9":[23,3,3],"10":[23,0],"11":[23,1],"12":[15,31],"13":[46,23,19],"14":[20,12,9,6,9],"15":[4,42],"16":[4,42],"17":[1,6],"18":[7,3],"19":[3,3],"20":[1,6],"21":[7,7],"22":[17,13],"23":[30,29],"24":[4,3,4,1],"25":[0,4],"26":[4,4]}}
,"/Users/federico/projects/enhancers/candy/time-calculator/src/operators.ts": {"path":"/Users/federico/projects/enhancers/candy/time-calculator/src/operators.ts","statementMap":{"0":{"start":{"line":1,"column":13},"end":{"line":1,"column":28}},"1":{"start":{"line":2,"column":13},"end":{"line":2,"column":31}},"2":{"start":{"line":3,"column":13},"end":{"line":3,"column":34}},"3":{"start":{"line":4,"column":13},"end":{"line":4,"column":28}},"4":{"start":{"line":5,"column":13},"end":{"line":5,"column":32}},"5":{"start":{"line":6,"column":13},"end":{"line":6,"column":33}},"6":{"start":{"line":16,"column":13},"end":{"line":16,"column":41}},"7":{"start":{"line":17,"column":13},"end":{"line":17,"column":43}}},"fnMap":{},"branchMap":{},"s":{"0":3,"1":3,"2":3,"3":3,"4":3,"5":3,"6":3,"7":3},"f":{},"b":{}}
}
