{"/Users/federico/projects/enhancers/candy/math-lexer-evaluator/src/index.ts": {"path":"/Users/federico/projects/enhancers/candy/math-lexer-evaluator/src/index.ts","statementMap":{"0":{"start":{"line":1,"column":0},"end":{"line":1,"column":null}},"1":{"start":{"line":22,"column":21},"end":{"line":47,"column":2}},"2":{"start":{"line":50,"column":2},"end":{"line":50,"column":34}},"3":{"start":{"line":54,"column":2},"end":{"line":56,"column":null}},"4":{"start":{"line":55,"column":4},"end":{"line":55,"column":52}},"5":{"start":{"line":58,"column":2},"end":{"line":58,"column":33}},"6":{"start":{"line":62,"column":2},"end":{"line":62,"column":29}},"7":{"start":{"line":66,"column":2},"end":{"line":66,"column":26}},"8":{"start":{"line":73,"column":2},"end":{"line":73,"column":30}},"9":{"start":{"line":75,"column":20},"end":{"line":75,"column":73}},"10":{"start":{"line":77,"column":30},"end":{"line":77,"column":32}},"11":{"start":{"line":78,"column":38},"end":{"line":78,"column":40}},"12":{"start":{"line":79,"column":37},"end":{"line":79,"column":39}},"13":{"start":{"line":80,"column":14},"end":{"line":80,"column":15}},"14":{"start":{"line":82,"column":2},"end":{"line":93,"column":null}},"15":{"start":{"line":83,"column":4},"end":{"line":92,"column":null}},"16":{"start":{"line":83,"column":17},"end":{"line":83,"column":18}},"17":{"start":{"line":84,"column":23},"end":{"line":84,"column":35}},"18":{"start":{"line":85,"column":21},"end":{"line":85,"column":33}},"19":{"start":{"line":87,"column":6},"end":{"line":89,"column":null}},"20":{"start":{"line":88,"column":8},"end":{"line":88,"column":45}},"21":{"start":{"line":91,"column":6},"end":{"line":91,"column":54}},"22":{"start":{"line":95,"column":2},"end":{"line":185,"column":null}},"23":{"start":{"line":96,"column":18},"end":{"line":96,"column":30}},"24":{"start":{"line":100,"column":4},"end":{"line":114,"column":null}},"25":{"start":{"line":111,"column":6},"end":{"line":111,"column":29}},"26":{"start":{"line":112,"column":6},"end":{"line":112,"column":17}},"27":{"start":{"line":113,"column":6},"end":{"line":113,"column":15}},"28":{"start":{"line":117,"column":4},"end":{"line":126,"column":null}},"29":{"start":{"line":118,"column":6},"end":{"line":118,"column":31}},"30":{"start":{"line":120,"column":21},"end":{"line":120,"column":39}},"31":{"start":{"line":122,"column":6},"end":{"line":125,"column":null}},"32":{"start":{"line":123,"column":8},"end":{"line":123,"column":62}},"33":{"start":{"line":124,"column":8},"end":{"line":124,"column":26}},"34":{"start":{"line":129,"column":4},"end":{"line":156,"column":null}},"35":{"start":{"line":135,"column":6},"end":{"line":153,"column":null}},"36":{"start":{"line":148,"column":25},"end":{"line":148,"column":40}},"37":{"start":{"line":150,"column":8},"end":{"line":152,"column":null}},"38":{"start":{"line":151,"column":10},"end":{"line":151,"column":32}},"39":{"start":{"line":155,"column":6},"end":{"line":155,"column":28}},"40":{"start":{"line":159,"column":4},"end":{"line":162,"column":null}},"41":{"start":{"line":161,"column":6},"end":{"line":161,"column":28}},"42":{"start":{"line":165,"column":4},"end":{"line":182,"column":null}},"43":{"start":{"line":166,"column":6},"end":{"line":181,"column":null}},"44":{"start":{"line":167,"column":25},"end":{"line":167,"column":40}},"45":{"start":{"line":170,"column":8},"end":{"line":172,"column":null}},"46":{"start":{"line":171,"column":10},"end":{"line":171,"column":58}},"47":{"start":{"line":174,"column":8},"end":{"line":176,"column":null}},"48":{"start":{"line":175,"column":10},"end":{"line":175,"column":16}},"49":{"start":{"line":178,"column":8},"end":{"line":180,"column":null}},"50":{"start":{"line":179,"column":10},"end":{"line":179,"column":32}},"51":{"start":{"line":184,"column":4},"end":{"line":184,"column":15}},"52":{"start":{"line":188,"column":2},"end":{"line":200,"column":null}},"53":{"start":{"line":189,"column":21},"end":{"line":189,"column":36}},"54":{"start":{"line":192,"column":4},"end":{"line":194,"column":null}},"55":{"start":{"line":193,"column":6},"end":{"line":193,"column":54}},"56":{"start":{"line":197,"column":4},"end":{"line":199,"column":null}},"57":{"start":{"line":198,"column":6},"end":{"line":198,"column":28}},"58":{"start":{"line":202,"column":2},"end":{"line":206,"column":null}},"59":{"start":{"line":203,"column":4},"end":{"line":203,"column":18}},"60":{"start":{"line":205,"column":4},"end":{"line":205,"column":41}},"61":{"start":{"line":69,"column":0},"end":{"line":69,"column":16}},"62":{"start":{"line":210,"column":24},"end":{"line":210,"column":26}},"63":{"start":{"line":212,"column":2},"end":{"line":238,"column":null}},"64":{"start":{"line":212,"column":15},"end":{"line":212,"column":16}},"65":{"start":{"line":214,"column":4},"end":{"line":237,"column":null}},"66":{"start":{"line":216,"column":6},"end":{"line":216,"column":28}},"67":{"start":{"line":218,"column":14},"end":{"line":218,"column":25}},"68":{"start":{"line":219,"column":14},"end":{"line":219,"column":25}},"69":{"start":{"line":221,"column":6},"end":{"line":236,"column":null}},"70":{"start":{"line":222,"column":8},"end":{"line":235,"column":null}},"71":{"start":{"line":224,"column":12},"end":{"line":224,"column":30}},"72":{"start":{"line":225,"column":12},"end":{"line":225,"column":18}},"73":{"start":{"line":227,"column":12},"end":{"line":227,"column":30}},"74":{"start":{"line":228,"column":12},"end":{"line":228,"column":18}},"75":{"start":{"line":230,"column":12},"end":{"line":230,"column":30}},"76":{"start":{"line":231,"column":12},"end":{"line":231,"column":18}},"77":{"start":{"line":233,"column":12},"end":{"line":233,"column":30}},"78":{"start":{"line":234,"column":12},"end":{"line":234,"column":18}},"79":{"start":{"line":240,"column":2},"end":{"line":244,"column":null}},"80":{"start":{"line":241,"column":4},"end":{"line":241,"column":38}},"81":{"start":{"line":243,"column":4},"end":{"line":243,"column":20}},"82":{"start":{"line":209,"column":0},"end":{"line":209,"column":16}}},"fnMap":{"0":{"name":"removeSpaces","decl":{"start":{"line":49,"column":9},"end":{"line":49,"column":21}},"loc":{"start":{"line":49,"column":35},"end":{"line":51,"column":1}}},"1":{"name":"isNumber","decl":{"start":{"line":53,"column":9},"end":{"line":53,"column":17}},"loc":{"start":{"line":53,"column":40},"end":{"line":59,"column":1}}},"2":{"name":"isNaN","decl":{"start":{"line":61,"column":9},"end":{"line":61,"column":14}},"loc":{"start":{"line":61,"column":28},"end":{"line":63,"column":1}}},"3":{"name":"peek","decl":{"start":{"line":65,"column":9},"end":{"line":65,"column":13}},"loc":{"start":{"line":65,"column":42},"end":{"line":67,"column":1}}},"4":{"name":"lex","decl":{"start":{"line":69,"column":16},"end":{"line":69,"column":19}},"loc":{"start":{"line":71,"column":31},"end":{"line":207,"column":1}}},"5":{"name":"evaluate","decl":{"start":{"line":209,"column":16},"end":{"line":209,"column":24}},"loc":{"start":{"line":209,"column":52},"end":{"line":245,"column":1}}}},"branchMap":{"0":{"loc":{"start":{"line":54,"column":2},"end":{"line":56,"column":null}},"type":"if","locations":[{"start":{"line":54,"column":2},"end":{"line":56,"column":null}},{"start":{"line":54,"column":2},"end":{"line":56,"column":null}}]},"1":{"loc":{"start":{"line":82,"column":2},"end":{"line":93,"column":null}},"type":"if","locations":[{"start":{"line":82,"column":2},"end":{"line":93,"column":null}},{"start":{"line":82,"column":2},"end":{"line":93,"column":null}}]},"2":{"loc":{"start":{"line":82,"column":6},"end":{"line":82,"column":15}},"type":"binary-expr","locations":[{"start":{"line":82,"column":6},"end":{"line":82,"column":15}},{"start":{"line":82,"column":19},"end":{"line":82,"column":35}}]},"3":{"loc":{"start":{"line":87,"column":6},"end":{"line":89,"column":null}},"type":"if","locations":[{"start":{"line":87,"column":6},"end":{"line":89,"column":null}},{"start":{"line":87,"column":6},"end":{"line":89,"column":null}}]},"4":{"loc":{"start":{"line":100,"column":4},"end":{"line":114,"column":null}},"type":"if","locations":[{"start":{"line":100,"column":4},"end":{"line":114,"column":null}},{"start":{"line":100,"column":4},"end":{"line":114,"column":null}}]},"5":{"loc":{"start":{"line":101,"column":6},"end":{"line":101,"column":27}},"type":"binary-expr","locations":[{"start":{"line":101,"column":6},"end":{"line":101,"column":27}},{"start":{"line":102,"column":7},"end":{"line":102,"column":18}},{"start":{"line":103,"column":8},"end":{"line":109,"column":36}}]},"6":{"loc":{"start":{"line":117,"column":4},"end":{"line":126,"column":null}},"type":"if","locations":[{"start":{"line":117,"column":4},"end":{"line":126,"column":null}},{"start":{"line":117,"column":4},"end":{"line":126,"column":null}}]},"7":{"loc":{"start":{"line":117,"column":8},"end":{"line":117,"column":23}},"type":"binary-expr","locations":[{"start":{"line":117,"column":8},"end":{"line":117,"column":23}},{"start":{"line":117,"column":27},"end":{"line":117,"column":40}}]},"8":{"loc":{"start":{"line":122,"column":6},"end":{"line":125,"column":null}},"type":"if","locations":[{"start":{"line":122,"column":6},"end":{"line":125,"column":null}},{"start":{"line":122,"column":6},"end":{"line":125,"column":null}}]},"9":{"loc":{"start":{"line":122,"column":10},"end":{"line":122,"column":27}},"type":"binary-expr","locations":[{"start":{"line":122,"column":10},"end":{"line":122,"column":27}},{"start":{"line":122,"column":31},"end":{"line":122,"column":45}}]},"10":{"loc":{"start":{"line":129,"column":4},"end":{"line":156,"column":null}},"type":"if","locations":[{"start":{"line":129,"column":4},"end":{"line":156,"column":null}},{"start":{"line":129,"column":4},"end":{"line":156,"column":null}}]},"11":{"loc":{"start":{"line":130,"column":6},"end":{"line":130,"column":24}},"type":"binary-expr","locations":[{"start":{"line":130,"column":6},"end":{"line":130,"column":24}},{"start":{"line":131,"column":6},"end":{"line":131,"column":27}},{"start":{"line":132,"column":6},"end":{"line":132,"column":24}},{"start":{"line":133,"column":6},"end":{"line":133,"column":30}}]},"12":{"loc":{"start":{"line":137,"column":8},"end":{"line":137,"column":24}},"type":"binary-expr","locations":[{"start":{"line":137,"column":8},"end":{"line":137,"column":24}},{"start":{"line":139,"column":9},"end":{"line":140,"column":33}},{"start":{"line":142,"column":11},"end":{"line":143,"column":35}},{"start":{"line":144,"column":12},"end":{"line":144,"column":49}},{"start":{"line":146,"column":8},"end":{"line":146,"column":56}}]},"13":{"loc":{"start":{"line":150,"column":8},"end":{"line":152,"column":null}},"type":"if","locations":[{"start":{"line":150,"column":8},"end":{"line":152,"column":null}},{"start":{"line":150,"column":8},"end":{"line":152,"column":null}}]},"14":{"loc":{"start":{"line":159,"column":4},"end":{"line":162,"column":null}},"type":"if","locations":[{"start":{"line":159,"column":4},"end":{"line":162,"column":null}},{"start":{"line":159,"column":4},"end":{"line":162,"column":null}}]},"15":{"loc":{"start":{"line":165,"column":4},"end":{"line":182,"column":null}},"type":"if","locations":[{"start":{"line":165,"column":4},"end":{"line":182,"column":null}},{"start":{"line":165,"column":4},"end":{"line":182,"column":null}}]},"16":{"loc":{"start":{"line":170,"column":8},"end":{"line":172,"column":null}},"type":"if","locations":[{"start":{"line":170,"column":8},"end":{"line":172,"column":null}},{"start":{"line":170,"column":8},"end":{"line":172,"column":null}}]},"17":{"loc":{"start":{"line":170,"column":12},"end":{"line":170,"column":34}},"type":"binary-expr","locations":[{"start":{"line":170,"column":12},"end":{"line":170,"column":34}},{"start":{"line":170,"column":38},"end":{"line":170,"column":63}}]},"18":{"loc":{"start":{"line":174,"column":8},"end":{"line":176,"column":null}},"type":"if","locations":[{"start":{"line":174,"column":8},"end":{"line":176,"column":null}},{"start":{"line":174,"column":8},"end":{"line":176,"column":null}}]},"19":{"loc":{"start":{"line":178,"column":8},"end":{"line":180,"column":null}},"type":"if","locations":[{"start":{"line":178,"column":8},"end":{"line":180,"column":null}},{"start":{"line":178,"column":8},"end":{"line":180,"column":null}}]},"20":{"loc":{"start":{"line":192,"column":4},"end":{"line":194,"column":null}},"type":"if","locations":[{"start":{"line":192,"column":4},"end":{"line":194,"column":null}},{"start":{"line":192,"column":4},"end":{"line":194,"column":null}}]},"21":{"loc":{"start":{"line":192,"column":8},"end":{"line":192,"column":18}},"type":"binary-expr","locations":[{"start":{"line":192,"column":8},"end":{"line":192,"column":18}},{"start":{"line":192,"column":22},"end":{"line":192,"column":70}}]},"22":{"loc":{"start":{"line":197,"column":4},"end":{"line":199,"column":null}},"type":"if","locations":[{"start":{"line":197,"column":4},"end":{"line":199,"column":null}},{"start":{"line":197,"column":4},"end":{"line":199,"column":null}}]},"23":{"loc":{"start":{"line":202,"column":2},"end":{"line":206,"column":null}},"type":"if","locations":[{"start":{"line":202,"column":2},"end":{"line":206,"column":null}},{"start":{"line":202,"column":2},"end":{"line":206,"column":null}}]},"24":{"loc":{"start":{"line":202,"column":6},"end":{"line":202,"column":12}},"type":"binary-expr","locations":[{"start":{"line":202,"column":6},"end":{"line":202,"column":12}},{"start":{"line":202,"column":16},"end":{"line":202,"column":29}}]},"25":{"loc":{"start":{"line":214,"column":4},"end":{"line":237,"column":null}},"type":"if","locations":[{"start":{"line":214,"column":4},"end":{"line":237,"column":null}},{"start":{"line":214,"column":4},"end":{"line":237,"column":null}}]},"26":{"loc":{"start":{"line":214,"column":8},"end":{"line":214,"column":25}},"type":"binary-expr","locations":[{"start":{"line":214,"column":8},"end":{"line":214,"column":25}},{"start":{"line":214,"column":29},"end":{"line":214,"column":48}}]},"27":{"loc":{"start":{"line":221,"column":6},"end":{"line":236,"column":null}},"type":"if","locations":[{"start":{"line":221,"column":6},"end":{"line":236,"column":null}},{"start":{"line":221,"column":6},"end":{"line":236,"column":null}}]},"28":{"loc":{"start":{"line":221,"column":10},"end":{"line":221,"column":11}},"type":"binary-expr","locations":[{"start":{"line":221,"column":10},"end":{"line":221,"column":11}},{"start":{"line":221,"column":15},"end":{"line":221,"column":16}}]},"29":{"loc":{"start":{"line":223,"column":10},"end":{"line":225,"column":18}},"type":"switch","locations":[{"start":{"line":223,"column":10},"end":{"line":225,"column":18}},{"start":{"line":226,"column":10},"end":{"line":228,"column":18}},{"start":{"line":229,"column":10},"end":{"line":231,"column":18}},{"start":{"line":232,"column":10},"end":{"line":234,"column":18}}]},"30":{"loc":{"start":{"line":240,"column":2},"end":{"line":244,"column":null}},"type":"if","locations":[{"start":{"line":240,"column":2},"end":{"line":244,"column":null}},{"start":{"line":240,"column":2},"end":{"line":244,"column":null}}]},"31":{"loc":{"start":{"line":240,"column":6},"end":{"line":240,"column":22}},"type":"binary-expr","locations":[{"start":{"line":240,"column":6},"end":{"line":240,"column":22}},{"start":{"line":240,"column":26},"end":{"line":240,"column":54}}]}},"s":{"0":2,"1":2,"2":7,"3":87,"4":81,"5":6,"6":43,"7":28,"8":7,"9":7,"10":7,"11":7,"12":7,"13":7,"14":7,"15":3,"16":3,"17":6,"18":6,"19":6,"20":0,"21":6,"22":7,"23":62,"24":62,"25":3,"26":3,"27":3,"28":59,"29":28,"30":28,"31":28,"32":26,"33":26,"34":59,"35":19,"36":6,"37":6,"38":6,"39":19,"40":59,"41":6,"42":59,"43":6,"44":11,"45":11,"46":1,"47":10,"48":5,"49":5,"50":5,"51":58,"52":6,"53":8,"54":8,"55":1,"56":7,"57":7,"58":5,"59":5,"60":0,"61":2,"62":5,"63":5,"64":5,"65":37,"66":21,"67":16,"68":16,"69":16,"70":16,"71":6,"72":6,"73":4,"74":4,"75":5,"76":5,"77":1,"78":1,"79":5,"80":0,"81":5,"82":2},"f":{"0":7,"1":87,"2":43,"3":28,"4":7,"5":5},"b":{"0":[81,6],"1":[3,4],"2":[7,3],"3":[0,6],"4":[3,59],"5":[62,7,5],"6":[28,31],"7":[59,32],"8":[26,2],"9":[28,27],"10":[19,40],"11":[59,50,46,45],"12":[25,15,11,8,12],"13":[6,0],"14":[6,53],"15":[6,53],"16":[1,10],"17":[11,4],"18":[5,5],"19":[5,0],"20":[1,7],"21":[8,8],"22":[7,0],"23":[5,0],"24":[5,5],"25":[21,16],"26":[37,37],"27":[16,0],"28":[16,16],"29":[6,4,5,1],"30":[0,5],"31":[5,5]}}
,"/Users/federico/projects/enhancers/candy/math-lexer-evaluator/src/operators.ts": {"path":"/Users/federico/projects/enhancers/candy/math-lexer-evaluator/src/operators.ts","statementMap":{"0":{"start":{"line":1,"column":13},"end":{"line":1,"column":28}},"1":{"start":{"line":2,"column":13},"end":{"line":2,"column":31}},"2":{"start":{"line":3,"column":13},"end":{"line":3,"column":34}},"3":{"start":{"line":4,"column":13},"end":{"line":4,"column":28}},"4":{"start":{"line":5,"column":13},"end":{"line":5,"column":32}},"5":{"start":{"line":6,"column":13},"end":{"line":6,"column":33}},"6":{"start":{"line":16,"column":13},"end":{"line":16,"column":41}},"7":{"start":{"line":17,"column":13},"end":{"line":17,"column":43}}},"fnMap":{},"branchMap":{},"s":{"0":3,"1":3,"2":3,"3":3,"4":3,"5":3,"6":3,"7":3},"f":{},"b":{}}
}
