TN:
SF:src/index.ts
FN:49,removeSpaces
FN:53,isNumber
FN:57,isNaN
FN:61,peek
FN:65,lex
FN:191,evaluate
FNF:6
FNH:6
FNDA:7,removeSpaces
FNDA:93,isNumber
FNDA:43,isNaN
FNDA:28,peek
FNDA:7,lex
FNDA:5,evaluate
DA:3,2
DA:22,2
DA:50,7
DA:54,93
DA:58,43
DA:62,28
DA:65,2
DA:66,7
DA:68,7
DA:70,7
DA:71,7
DA:72,7
DA:73,7
DA:75,7
DA:76,3
DA:77,6
DA:78,6
DA:80,6
DA:81,0
DA:84,6
DA:88,7
DA:89,62
DA:90,62
DA:94,62
DA:105,3
DA:106,3
DA:107,3
DA:111,59
DA:112,28
DA:114,28
DA:116,28
DA:117,26
DA:118,26
DA:119,26
DA:124,59
DA:129,19
DA:142,6
DA:145,19
DA:149,59
DA:151,6
DA:155,59
DA:156,6
DA:157,11
DA:160,11
DA:161,1
DA:164,10
DA:165,5
DA:168,5
DA:172,58
DA:176,6
DA:177,8
DA:180,8
DA:181,1
DA:185,7
DA:188,5
DA:191,2
DA:192,5
DA:194,5
DA:195,37
DA:196,21
DA:198,16
DA:199,16
DA:201,16
DA:203,6
DA:204,6
DA:206,4
DA:207,4
DA:209,5
DA:210,5
DA:212,1
DA:213,1
DA:218,5
DA:219,5
DA:220,0
DA:222,5
LF:75
LH:73
BRDA:75,0,0,3
BRDA:75,0,1,4
BRDA:75,1,0,7
BRDA:75,1,1,3
BRDA:80,2,0,0
BRDA:80,2,1,6
BRDA:80,3,0,6
BRDA:80,3,1,6
BRDA:94,4,0,3
BRDA:94,4,1,59
BRDA:95,5,0,62
BRDA:95,5,1,7
BRDA:95,5,2,5
BRDA:111,6,0,28
BRDA:111,6,1,31
BRDA:111,7,0,59
BRDA:111,7,1,32
BRDA:116,8,0,26
BRDA:116,8,1,2
BRDA:116,9,0,28
BRDA:116,9,1,27
BRDA:124,10,0,19
BRDA:124,10,1,40
BRDA:125,11,0,59
BRDA:125,11,1,31
BRDA:125,11,2,25
BRDA:131,12,0,25
BRDA:131,12,1,15
BRDA:131,12,2,11
BRDA:131,12,3,8
BRDA:131,12,4,12
BRDA:149,13,0,6
BRDA:149,13,1,53
BRDA:155,14,0,6
BRDA:155,14,1,53
BRDA:160,15,0,1
BRDA:160,15,1,10
BRDA:160,16,0,11
BRDA:160,16,1,4
BRDA:164,17,0,5
BRDA:164,17,1,5
BRDA:180,18,0,1
BRDA:180,18,1,7
BRDA:180,19,0,8
BRDA:180,19,1,8
BRDA:195,20,0,21
BRDA:195,20,1,16
BRDA:195,21,0,37
BRDA:195,21,1,37
BRDA:202,22,0,6
BRDA:202,22,1,4
BRDA:202,22,2,5
BRDA:202,22,3,1
BRDA:219,23,0,0
BRDA:219,23,1,5
BRDA:219,24,0,5
BRDA:219,24,1,5
BRF:57
BRH:55
end_of_record
TN:
SF:src/operators.ts
FNF:0
FNH:0
DA:1,3
DA:2,3
DA:3,3
DA:4,3
DA:5,3
DA:6,3
DA:16,3
DA:17,3
LF:8
LH:8
BRF:0
BRH:0
end_of_record
