TN:
SF:src/index.ts
FN:49,removeSpaces
FN:53,isNumber
FN:61,isNaN
FN:65,peek
FN:69,lex
FN:210,evaluate
FNF:6
FNH:6
FNDA:7,removeSpaces
FNDA:87,isNumber
FNDA:43,isNaN
FNDA:28,peek
FNDA:7,lex
FNDA:5,evaluate
DA:1,2
DA:22,2
DA:50,7
DA:54,87
DA:55,81
DA:58,6
DA:62,43
DA:66,28
DA:69,2
DA:73,7
DA:75,7
DA:76,7
DA:78,7
DA:79,7
DA:80,7
DA:81,7
DA:83,7
DA:84,3
DA:85,6
DA:86,6
DA:88,6
DA:89,0
DA:92,6
DA:96,7
DA:97,62
DA:101,62
DA:112,3
DA:113,3
DA:114,3
DA:118,59
DA:119,28
DA:121,28
DA:123,28
DA:124,26
DA:125,26
DA:130,59
DA:136,19
DA:149,6
DA:151,6
DA:152,6
DA:156,19
DA:160,59
DA:162,6
DA:166,59
DA:167,6
DA:168,11
DA:171,11
DA:172,1
DA:175,10
DA:176,5
DA:179,5
DA:180,5
DA:185,58
DA:189,6
DA:190,8
DA:193,8
DA:194,1
DA:198,7
DA:199,7
DA:203,5
DA:204,5
DA:206,0
DA:210,2
DA:211,5
DA:213,5
DA:215,37
DA:217,21
DA:219,16
DA:220,16
DA:222,16
DA:223,16
DA:225,6
DA:226,6
DA:228,4
DA:229,4
DA:231,5
DA:232,5
DA:234,1
DA:235,1
DA:241,5
DA:242,0
DA:244,5
LF:82
LH:79
BRDA:54,0,0,81
BRDA:54,0,1,6
BRDA:83,1,0,3
BRDA:83,1,1,4
BRDA:83,2,0,7
BRDA:83,2,1,3
BRDA:88,3,0,0
BRDA:88,3,1,6
BRDA:101,4,0,3
BRDA:101,4,1,59
BRDA:102,5,0,62
BRDA:102,5,1,7
BRDA:102,5,2,5
BRDA:118,6,0,28
BRDA:118,6,1,31
BRDA:118,7,0,59
BRDA:118,7,1,32
BRDA:123,8,0,26
BRDA:123,8,1,2
BRDA:123,9,0,28
BRDA:123,9,1,27
BRDA:130,10,0,19
BRDA:130,10,1,40
BRDA:131,11,0,59
BRDA:131,11,1,50
BRDA:131,11,2,46
BRDA:131,11,3,45
BRDA:138,12,0,25
BRDA:138,12,1,15
BRDA:138,12,2,11
BRDA:138,12,3,8
BRDA:138,12,4,12
BRDA:151,13,0,6
BRDA:151,13,1,0
BRDA:160,14,0,6
BRDA:160,14,1,53
BRDA:166,15,0,6
BRDA:166,15,1,53
BRDA:171,16,0,1
BRDA:171,16,1,10
BRDA:171,17,0,11
BRDA:171,17,1,4
BRDA:175,18,0,5
BRDA:175,18,1,5
BRDA:179,19,0,5
BRDA:179,19,1,0
BRDA:193,20,0,1
BRDA:193,20,1,7
BRDA:193,21,0,8
BRDA:193,21,1,8
BRDA:198,22,0,7
BRDA:198,22,1,0
BRDA:203,23,0,5
BRDA:203,23,1,0
BRDA:203,24,0,5
BRDA:203,24,1,5
BRDA:215,25,0,21
BRDA:215,25,1,16
BRDA:215,26,0,37
BRDA:215,26,1,37
BRDA:222,27,0,16
BRDA:222,27,1,0
BRDA:222,28,0,16
BRDA:222,28,1,16
BRDA:224,29,0,6
BRDA:224,29,1,4
BRDA:224,29,2,5
BRDA:224,29,3,1
BRDA:241,30,0,0
BRDA:241,30,1,5
BRDA:241,31,0,5
BRDA:241,31,1,5
BRF:72
BRH:65
end_of_record
TN:
SF:src/operators.ts
FNF:0
FNH:0
DA:1,3
DA:2,3
DA:3,3
DA:4,3
DA:5,3
DA:6,3
DA:16,3
DA:17,3
LF:8
LH:8
BRF:0
BRH:0
end_of_record
